D:\GAMECONTEST_DAY2\DEMO_NFG\3DTRAININGFRAMEWORK_2010\3DTRAININGFRAMEWORK_2010\BIN-ATI\NEWTRAININGFRAMEWORK.EXE
D:\GAMECONTEST_DAY2\DEMO_NFG\3DTRAININGFRAMEWORK_2010\3DTRAININGFRAMEWORK_2010\BIN-ATI\NEWTRAININGFRAMEWORK.ILK
D:\GAMECONTEST_DAY2\DEMO_NFG\3DTRAININGFRAMEWORK_2010\3DTRAININGFRAMEWORK_2010\BIN-ATI\NEWTRAININGFRAMEWORK.PDB
D:\GAMECONTEST_DAY2\DEMO_NFG\3DTRAININGFRAMEWORK_2010\3DTRAININGFRAMEWORK_2010\NEWTRAININGFRAMEWORK\DEBUG-ATI\CMODEL.OBJ
D:\GAMECONTEST_DAY2\DEMO_NFG\3DTRAININGFRAMEWORK_2010\3DTRAININGFRAMEWORK_2010\NEWTRAININGFRAMEWORK\DEBUG-ATI\NEWTRAININGFRAMEWORK.EXE.EMBED.MANIFEST
D:\GAMECONTEST_DAY2\DEMO_NFG\3DTRAININGFRAMEWORK_2010\3DTRAININGFRAMEWORK_2010\NEWTRAININGFRAMEWORK\DEBUG-ATI\NEWTRAININGFRAMEWORK.EXE.EMBED.MANIFEST.RES
D:\GAMECONTEST_DAY2\DEMO_NFG\3DTRAININGFRAMEWORK_2010\3DTRAININGFRAMEWORK_2010\NEWTRAININGFRAMEWORK\DEBUG-ATI\NEWTRAININGFRAMEWORK.EXE.INTERMEDIATE.MANIFEST
D:\GAMECONTEST_DAY2\DEMO_NFG\3DTRAININGFRAMEWORK_2010\3DTRAININGFRAMEWORK_2010\NEWTRAININGFRAMEWORK\DEBUG-ATI\NEWTRAININGFRAMEWORK.OBJ
D:\GAMECONTEST_DAY2\DEMO_NFG\3DTRAININGFRAMEWORK_2010\3DTRAININGFRAMEWORK_2010\NEWTRAININGFRAMEWORK\DEBUG-ATI\NEWTRAININGFRAMEWORK.PCH
D:\GAMECONTEST_DAY2\DEMO_NFG\3DTRAININGFRAMEWORK_2010\3DTRAININGFRAMEWORK_2010\NEWTRAININGFRAMEWORK\DEBUG-ATI\SHADERS.OBJ
D:\GAMECONTEST_DAY2\DEMO_NFG\3DTRAININGFRAMEWORK_2010\3DTRAININGFRAMEWORK_2010\NEWTRAININGFRAMEWORK\DEBUG-ATI\STDAFX.OBJ
D:\GAMECONTEST_DAY2\DEMO_NFG\3DTRAININGFRAMEWORK_2010\3DTRAININGFRAMEWORK_2010\NEWTRAININGFRAMEWORK\DEBUG-ATI\VC100.PDB
D:\Gamecontest_Day2\Demo_NFG\3DTrainingFramework_2010\VoHoaiNam_Day2\3DTrainingFramework_2010\\BIN-ATI\NewTrainingFramework.exe
D:\Gamecontest_Day2\Demo_NFG\3DTrainingFramework_2010\VoHoaiNam_Day2\3DTrainingFramework_2010\\BIN-ATI\NewTrainingFramework.ilk
D:\Gamecontest_Day2\Demo_NFG\3DTrainingFramework_2010\VoHoaiNam_Day2\3DTrainingFramework_2010\\BIN-ATI\NewTrainingFramework.pdb
d:\Gamecontest_Day2\Demo_NFG\3DTrainingFramework_2010\VoHoaiNam_Day2\3DTrainingFramework_2010\NewTrainingFramework\Debug-ATI\cl.command.1.tlog
d:\Gamecontest_Day2\Demo_NFG\3DTrainingFramework_2010\VoHoaiNam_Day2\3DTrainingFramework_2010\NewTrainingFramework\Debug-ATI\CL.read.1.tlog
d:\Gamecontest_Day2\Demo_NFG\3DTrainingFramework_2010\VoHoaiNam_Day2\3DTrainingFramework_2010\NewTrainingFramework\Debug-ATI\CL.write.1.tlog
d:\Gamecontest_Day2\Demo_NFG\3DTrainingFramework_2010\VoHoaiNam_Day2\3DTrainingFramework_2010\NewTrainingFramework\Debug-ATI\CModel.obj
d:\Gamecontest_Day2\Demo_NFG\3DTrainingFramework_2010\VoHoaiNam_Day2\3DTrainingFramework_2010\NewTrainingFramework\Debug-ATI\link.2636.read.1.tlog
d:\Gamecontest_Day2\Demo_NFG\3DTrainingFramework_2010\VoHoaiNam_Day2\3DTrainingFramework_2010\NewTrainingFramework\Debug-ATI\link.2636.write.1.tlog
d:\Gamecontest_Day2\Demo_NFG\3DTrainingFramework_2010\VoHoaiNam_Day2\3DTrainingFramework_2010\NewTrainingFramework\Debug-ATI\link.2636-cvtres.read.1.tlog
d:\Gamecontest_Day2\Demo_NFG\3DTrainingFramework_2010\VoHoaiNam_Day2\3DTrainingFramework_2010\NewTrainingFramework\Debug-ATI\link.2636-cvtres.write.1.tlog
d:\Gamecontest_Day2\Demo_NFG\3DTrainingFramework_2010\VoHoaiNam_Day2\3DTrainingFramework_2010\NewTrainingFramework\Debug-ATI\link.command.1.tlog
d:\Gamecontest_Day2\Demo_NFG\3DTrainingFramework_2010\VoHoaiNam_Day2\3DTrainingFramework_2010\NewTrainingFramework\Debug-ATI\link.read.1.tlog
d:\Gamecontest_Day2\Demo_NFG\3DTrainingFramework_2010\VoHoaiNam_Day2\3DTrainingFramework_2010\NewTrainingFramework\Debug-ATI\link.write.1.tlog
d:\Gamecontest_Day2\Demo_NFG\3DTrainingFramework_2010\VoHoaiNam_Day2\3DTrainingFramework_2010\NewTrainingFramework\Debug-ATI\link-cvtres.read.1.tlog
d:\Gamecontest_Day2\Demo_NFG\3DTrainingFramework_2010\VoHoaiNam_Day2\3DTrainingFramework_2010\NewTrainingFramework\Debug-ATI\link-cvtres.write.1.tlog
d:\Gamecontest_Day2\Demo_NFG\3DTrainingFramework_2010\VoHoaiNam_Day2\3DTrainingFramework_2010\NewTrainingFramework\Debug-ATI\mt.command.1.tlog
d:\Gamecontest_Day2\Demo_NFG\3DTrainingFramework_2010\VoHoaiNam_Day2\3DTrainingFramework_2010\NewTrainingFramework\Debug-ATI\mt.read.1.tlog
d:\Gamecontest_Day2\Demo_NFG\3DTrainingFramework_2010\VoHoaiNam_Day2\3DTrainingFramework_2010\NewTrainingFramework\Debug-ATI\mt.write.1.tlog
d:\Gamecontest_Day2\Demo_NFG\3DTrainingFramework_2010\VoHoaiNam_Day2\3DTrainingFramework_2010\NewTrainingFramework\Debug-ATI\NewTrainingFramework.exe.embed.manifest
d:\Gamecontest_Day2\Demo_NFG\3DTrainingFramework_2010\VoHoaiNam_Day2\3DTrainingFramework_2010\NewTrainingFramework\Debug-ATI\NewTrainingFramework.exe.embed.manifest.res
d:\Gamecontest_Day2\Demo_NFG\3DTrainingFramework_2010\VoHoaiNam_Day2\3DTrainingFramework_2010\NewTrainingFramework\Debug-ATI\NewTrainingFramework.exe.intermediate.manifest
d:\Gamecontest_Day2\Demo_NFG\3DTrainingFramework_2010\VoHoaiNam_Day2\3DTrainingFramework_2010\NewTrainingFramework\Debug-ATI\NewTrainingFramework.obj
d:\Gamecontest_Day2\Demo_NFG\3DTrainingFramework_2010\VoHoaiNam_Day2\3DTrainingFramework_2010\NewTrainingFramework\Debug-ATI\NewTrainingFramework.pch
d:\Gamecontest_Day2\Demo_NFG\3DTrainingFramework_2010\VoHoaiNam_Day2\3DTrainingFramework_2010\NewTrainingFramework\Debug-ATI\NewTrainingFramework.write.1.tlog
d:\Gamecontest_Day2\Demo_NFG\3DTrainingFramework_2010\VoHoaiNam_Day2\3DTrainingFramework_2010\NewTrainingFramework\Debug-ATI\NewTrainingFramework_manifest.rc
d:\Gamecontest_Day2\Demo_NFG\3DTrainingFramework_2010\VoHoaiNam_Day2\3DTrainingFramework_2010\NewTrainingFramework\Debug-ATI\rc.command.1.tlog
d:\Gamecontest_Day2\Demo_NFG\3DTrainingFramework_2010\VoHoaiNam_Day2\3DTrainingFramework_2010\NewTrainingFramework\Debug-ATI\rc.read.1.tlog
d:\Gamecontest_Day2\Demo_NFG\3DTrainingFramework_2010\VoHoaiNam_Day2\3DTrainingFramework_2010\NewTrainingFramework\Debug-ATI\rc.write.1.tlog
d:\Gamecontest_Day2\Demo_NFG\3DTrainingFramework_2010\VoHoaiNam_Day2\3DTrainingFramework_2010\NewTrainingFramework\Debug-ATI\Shaders.obj
d:\Gamecontest_Day2\Demo_NFG\3DTrainingFramework_2010\VoHoaiNam_Day2\3DTrainingFramework_2010\NewTrainingFramework\Debug-ATI\stdafx.obj
d:\Gamecontest_Day2\Demo_NFG\3DTrainingFramework_2010\VoHoaiNam_Day2\3DTrainingFramework_2010\NewTrainingFramework\Debug-ATI\vc100.idb
d:\Gamecontest_Day2\Demo_NFG\3DTrainingFramework_2010\VoHoaiNam_Day2\3DTrainingFramework_2010\NewTrainingFramework\Debug-ATI\vc100.pdb
