C:\Users\lan.trankim\Desktop\NewIntership_27_11_2012\NewIntership_27_11_2012\3DTrainingFramework_2010\\BIN-Nvidia\NewTrainingFramework.exe
C:\Users\lan.trankim\Desktop\NewIntership_27_11_2012\NewIntership_27_11_2012\3DTrainingFramework_2010\\BIN-Nvidia\NewTrainingFramework.ilk
C:\Users\lan.trankim\Desktop\NewIntership_27_11_2012\NewIntership_27_11_2012\3DTrainingFramework_2010\\BIN-Nvidia\NewTrainingFramework.pdb
C:\USERS\LAN.TRANKIM\DESKTOP\NEWINTERSHIP_27_11_2012\NEWINTERSHIP_27_11_2012\3DTRAININGFRAMEWORK_2010\BIN-NVIDIA\NEWTRAININGFRAMEWORK.EXE
C:\USERS\LAN.TRANKIM\DESKTOP\NEWINTERSHIP_27_11_2012\NEWINTERSHIP_27_11_2012\3DTRAININGFRAMEWORK_2010\BIN-NVIDIA\NEWTRAININGFRAMEWORK.ILK
C:\USERS\LAN.TRANKIM\DESKTOP\NEWINTERSHIP_27_11_2012\NEWINTERSHIP_27_11_2012\3DTRAININGFRAMEWORK_2010\BIN-NVIDIA\NEWTRAININGFRAMEWORK.PDB
C:\Users\lan.trankim\Desktop\NewIntership_27_11_2012\NewIntership_27_11_2012\3DTrainingFramework_2010\NewTrainingFramework\Debug-Nvidia\cl.command.1.tlog
C:\Users\lan.trankim\Desktop\NewIntership_27_11_2012\NewIntership_27_11_2012\3DTrainingFramework_2010\NewTrainingFramework\Debug-Nvidia\CL.read.1.tlog
C:\Users\lan.trankim\Desktop\NewIntership_27_11_2012\NewIntership_27_11_2012\3DTrainingFramework_2010\NewTrainingFramework\Debug-Nvidia\CL.write.1.tlog
C:\USERS\LAN.TRANKIM\DESKTOP\NEWINTERSHIP_27_11_2012\NEWINTERSHIP_27_11_2012\3DTRAININGFRAMEWORK_2010\NEWTRAININGFRAMEWORK\DEBUG-NVIDIA\CMODEL.OBJ
C:\Users\lan.trankim\Desktop\NewIntership_27_11_2012\NewIntership_27_11_2012\3DTrainingFramework_2010\NewTrainingFramework\Debug-Nvidia\link.3168.read.1.tlog
C:\Users\lan.trankim\Desktop\NewIntership_27_11_2012\NewIntership_27_11_2012\3DTrainingFramework_2010\NewTrainingFramework\Debug-Nvidia\link.3168.write.1.tlog
C:\Users\lan.trankim\Desktop\NewIntership_27_11_2012\NewIntership_27_11_2012\3DTrainingFramework_2010\NewTrainingFramework\Debug-Nvidia\link.3168-cvtres.read.1.tlog
C:\Users\lan.trankim\Desktop\NewIntership_27_11_2012\NewIntership_27_11_2012\3DTrainingFramework_2010\NewTrainingFramework\Debug-Nvidia\link.3168-cvtres.write.1.tlog
C:\Users\lan.trankim\Desktop\NewIntership_27_11_2012\NewIntership_27_11_2012\3DTrainingFramework_2010\NewTrainingFramework\Debug-Nvidia\link.3304.read.1.tlog
C:\Users\lan.trankim\Desktop\NewIntership_27_11_2012\NewIntership_27_11_2012\3DTrainingFramework_2010\NewTrainingFramework\Debug-Nvidia\link.3304.write.1.tlog
C:\Users\lan.trankim\Desktop\NewIntership_27_11_2012\NewIntership_27_11_2012\3DTrainingFramework_2010\NewTrainingFramework\Debug-Nvidia\link.3304-cvtres.read.1.tlog
C:\Users\lan.trankim\Desktop\NewIntership_27_11_2012\NewIntership_27_11_2012\3DTrainingFramework_2010\NewTrainingFramework\Debug-Nvidia\link.3304-cvtres.write.1.tlog
C:\Users\lan.trankim\Desktop\NewIntership_27_11_2012\NewIntership_27_11_2012\3DTrainingFramework_2010\NewTrainingFramework\Debug-Nvidia\link.command.1.tlog
C:\Users\lan.trankim\Desktop\NewIntership_27_11_2012\NewIntership_27_11_2012\3DTrainingFramework_2010\NewTrainingFramework\Debug-Nvidia\link.read.1.tlog
C:\Users\lan.trankim\Desktop\NewIntership_27_11_2012\NewIntership_27_11_2012\3DTrainingFramework_2010\NewTrainingFramework\Debug-Nvidia\link.write.1.tlog
C:\Users\lan.trankim\Desktop\NewIntership_27_11_2012\NewIntership_27_11_2012\3DTrainingFramework_2010\NewTrainingFramework\Debug-Nvidia\link-cvtres.read.1.tlog
C:\Users\lan.trankim\Desktop\NewIntership_27_11_2012\NewIntership_27_11_2012\3DTrainingFramework_2010\NewTrainingFramework\Debug-Nvidia\link-cvtres.write.1.tlog
C:\Users\lan.trankim\Desktop\NewIntership_27_11_2012\NewIntership_27_11_2012\3DTrainingFramework_2010\NewTrainingFramework\Debug-Nvidia\mt.command.1.tlog
C:\Users\lan.trankim\Desktop\NewIntership_27_11_2012\NewIntership_27_11_2012\3DTrainingFramework_2010\NewTrainingFramework\Debug-Nvidia\mt.read.1.tlog
C:\Users\lan.trankim\Desktop\NewIntership_27_11_2012\NewIntership_27_11_2012\3DTrainingFramework_2010\NewTrainingFramework\Debug-Nvidia\mt.write.1.tlog
C:\USERS\LAN.TRANKIM\DESKTOP\NEWINTERSHIP_27_11_2012\NEWINTERSHIP_27_11_2012\3DTRAININGFRAMEWORK_2010\NEWTRAININGFRAMEWORK\DEBUG-NVIDIA\NEWTRAININGFRAMEWORK.EXE.EMBED.MANIFEST
C:\USERS\LAN.TRANKIM\DESKTOP\NEWINTERSHIP_27_11_2012\NEWINTERSHIP_27_11_2012\3DTRAININGFRAMEWORK_2010\NEWTRAININGFRAMEWORK\DEBUG-NVIDIA\NEWTRAININGFRAMEWORK.EXE.EMBED.MANIFEST.RES
C:\USERS\LAN.TRANKIM\DESKTOP\NEWINTERSHIP_27_11_2012\NEWINTERSHIP_27_11_2012\3DTRAININGFRAMEWORK_2010\NEWTRAININGFRAMEWORK\DEBUG-NVIDIA\NEWTRAININGFRAMEWORK.EXE.INTERMEDIATE.MANIFEST
C:\USERS\LAN.TRANKIM\DESKTOP\NEWINTERSHIP_27_11_2012\NEWINTERSHIP_27_11_2012\3DTRAININGFRAMEWORK_2010\NEWTRAININGFRAMEWORK\DEBUG-NVIDIA\NEWTRAININGFRAMEWORK.OBJ
C:\USERS\LAN.TRANKIM\DESKTOP\NEWINTERSHIP_27_11_2012\NEWINTERSHIP_27_11_2012\3DTRAININGFRAMEWORK_2010\NEWTRAININGFRAMEWORK\DEBUG-NVIDIA\NEWTRAININGFRAMEWORK.PCH
C:\Users\lan.trankim\Desktop\NewIntership_27_11_2012\NewIntership_27_11_2012\3DTrainingFramework_2010\NewTrainingFramework\Debug-Nvidia\NewTrainingFramework.write.1.tlog
C:\Users\lan.trankim\Desktop\NewIntership_27_11_2012\NewIntership_27_11_2012\3DTrainingFramework_2010\NewTrainingFramework\Debug-Nvidia\NewTrainingFramework_manifest.rc
C:\Users\lan.trankim\Desktop\NewIntership_27_11_2012\NewIntership_27_11_2012\3DTrainingFramework_2010\NewTrainingFramework\Debug-Nvidia\rc.command.1.tlog
C:\Users\lan.trankim\Desktop\NewIntership_27_11_2012\NewIntership_27_11_2012\3DTrainingFramework_2010\NewTrainingFramework\Debug-Nvidia\rc.read.1.tlog
C:\Users\lan.trankim\Desktop\NewIntership_27_11_2012\NewIntership_27_11_2012\3DTrainingFramework_2010\NewTrainingFramework\Debug-Nvidia\rc.write.1.tlog
C:\Users\lan.trankim\Desktop\NewIntership_27_11_2012\NewIntership_27_11_2012\3DTrainingFramework_2010\NewTrainingFramework\Debug-Nvidia\ResolveAssemblyReference.cache
C:\USERS\LAN.TRANKIM\DESKTOP\NEWINTERSHIP_27_11_2012\NEWINTERSHIP_27_11_2012\3DTRAININGFRAMEWORK_2010\NEWTRAININGFRAMEWORK\DEBUG-NVIDIA\SHADERS.OBJ
C:\USERS\LAN.TRANKIM\DESKTOP\NEWINTERSHIP_27_11_2012\NEWINTERSHIP_27_11_2012\3DTRAININGFRAMEWORK_2010\NEWTRAININGFRAMEWORK\DEBUG-NVIDIA\STDAFX.OBJ
C:\Users\lan.trankim\Desktop\NewIntership_27_11_2012\NewIntership_27_11_2012\3DTrainingFramework_2010\NewTrainingFramework\Debug-Nvidia\vc100.idb
C:\USERS\LAN.TRANKIM\DESKTOP\NEWINTERSHIP_27_11_2012\NEWINTERSHIP_27_11_2012\3DTRAININGFRAMEWORK_2010\NEWTRAININGFRAMEWORK\DEBUG-NVIDIA\VC100.PDB
