D:\GAMECONTEST_DAY2\DEMO_NFG\3DTRAININGFRAMEWORK_2010\3DTRAININGFRAMEWORK_2010\BIN-ATI\UTILITIESD.LIB
D:\GAMECONTEST_DAY2\DEMO_NFG\3DTRAININGFRAMEWORK_2010\3DTRAININGFRAMEWORK_2010\UTILITIES\DEBUG-ATI\ESSHADER.OBJ
D:\GAMECONTEST_DAY2\DEMO_NFG\3DTRAININGFRAMEWORK_2010\3DTRAININGFRAMEWORK_2010\UTILITIES\DEBUG-ATI\ESUTIL.OBJ
D:\GAMECONTEST_DAY2\DEMO_NFG\3DTRAININGFRAMEWORK_2010\3DTRAININGFRAMEWORK_2010\UTILITIES\DEBUG-ATI\ESUTIL_WIN.OBJ
D:\GAMECONTEST_DAY2\DEMO_NFG\3DTRAININGFRAMEWORK_2010\3DTRAININGFRAMEWORK_2010\UTILITIES\DEBUG-ATI\MATH.OBJ
D:\GAMECONTEST_DAY2\DEMO_NFG\3DTRAININGFRAMEWORK_2010\3DTRAININGFRAMEWORK_2010\UTILITIES\DEBUG-ATI\STDAFX.OBJ
D:\GAMECONTEST_DAY2\DEMO_NFG\3DTRAININGFRAMEWORK_2010\3DTRAININGFRAMEWORK_2010\UTILITIES\DEBUG-ATI\TGA.OBJ
D:\GAMECONTEST_DAY2\DEMO_NFG\3DTRAININGFRAMEWORK_2010\3DTRAININGFRAMEWORK_2010\UTILITIES\DEBUG-ATI\UTILITIES.PCH
D:\GAMECONTEST_DAY2\DEMO_NFG\3DTRAININGFRAMEWORK_2010\3DTRAININGFRAMEWORK_2010\UTILITIES\DEBUG-ATI\VC100.PDB
d:\Gamecontest_Day2\Demo_NFG\3DTrainingFramework_2010\VoHoaiNam_Day2\3DTrainingFramework_2010\Utilities\Debug-ATI\cl.command.1.tlog
d:\Gamecontest_Day2\Demo_NFG\3DTrainingFramework_2010\VoHoaiNam_Day2\3DTrainingFramework_2010\Utilities\Debug-ATI\CL.read.1.tlog
d:\Gamecontest_Day2\Demo_NFG\3DTrainingFramework_2010\VoHoaiNam_Day2\3DTrainingFramework_2010\Utilities\Debug-ATI\CL.write.1.tlog
d:\Gamecontest_Day2\Demo_NFG\3DTrainingFramework_2010\VoHoaiNam_Day2\3DTrainingFramework_2010\Utilities\Debug-ATI\esShader.obj
d:\Gamecontest_Day2\Demo_NFG\3DTrainingFramework_2010\VoHoaiNam_Day2\3DTrainingFramework_2010\Utilities\Debug-ATI\esUtil.obj
d:\Gamecontest_Day2\Demo_NFG\3DTrainingFramework_2010\VoHoaiNam_Day2\3DTrainingFramework_2010\Utilities\Debug-ATI\esUtil_win.obj
d:\Gamecontest_Day2\Demo_NFG\3DTrainingFramework_2010\VoHoaiNam_Day2\3DTrainingFramework_2010\Utilities\Debug-ATI\lib.command.1.tlog
d:\Gamecontest_Day2\Demo_NFG\3DTrainingFramework_2010\VoHoaiNam_Day2\3DTrainingFramework_2010\Utilities\Debug-ATI\Lib-link.read.1.tlog
d:\Gamecontest_Day2\Demo_NFG\3DTrainingFramework_2010\VoHoaiNam_Day2\3DTrainingFramework_2010\Utilities\Debug-ATI\Lib-link.write.1.tlog
d:\Gamecontest_Day2\Demo_NFG\3DTrainingFramework_2010\VoHoaiNam_Day2\3DTrainingFramework_2010\Utilities\Debug-ATI\Math.obj
d:\Gamecontest_Day2\Demo_NFG\3DTrainingFramework_2010\VoHoaiNam_Day2\3DTrainingFramework_2010\Utilities\Debug-ATI\stdafx.obj
d:\Gamecontest_Day2\Demo_NFG\3DTrainingFramework_2010\VoHoaiNam_Day2\3DTrainingFramework_2010\Utilities\Debug-ATI\TGA.obj
d:\Gamecontest_Day2\Demo_NFG\3DTrainingFramework_2010\VoHoaiNam_Day2\3DTrainingFramework_2010\Utilities\Debug-ATI\Utilities.pch
d:\Gamecontest_Day2\Demo_NFG\3DTrainingFramework_2010\VoHoaiNam_Day2\3DTrainingFramework_2010\Utilities\Debug-ATI\Utilities.write.1.tlog
d:\Gamecontest_Day2\Demo_NFG\3DTrainingFramework_2010\VoHoaiNam_Day2\3DTrainingFramework_2010\Utilities\Debug-ATI\vc100.idb
d:\Gamecontest_Day2\Demo_NFG\3DTrainingFramework_2010\VoHoaiNam_Day2\3DTrainingFramework_2010\Utilities\Debug-ATI\vc100.pdb
